2026-02-17T04:50:10.431Z - GET /api/sales/stats
2026-02-17T04:50:10.486Z - GET /api/sales/stats
2026-02-17T04:50:10.501Z - GET /api/sales/trends?period=monthly
2026-02-17T04:50:10.508Z - GET /api/sales/distribution?type=product
2026-02-17T04:50:10.513Z - GET /api/sales/distribution?type=region
2026-02-17T04:50:10.517Z - GET /api/sales/trends?period=monthly
2026-02-17T04:50:10.521Z - GET /api/sales/distribution?type=product
2026-02-17T04:50:10.524Z - GET /api/sales/distribution?type=region
2026-02-17T04:50:14.234Z - GET /api/sales/stats
2026-02-17T04:50:14.246Z - GET /api/sales/trends?period=monthly
2026-02-17T04:50:14.258Z - GET /api/sales/distribution?type=product
2026-02-17T04:50:14.263Z - GET /api/sales/distribution?type=region
2026-02-17T04:50:14.269Z - GET /api/sales/stats
2026-02-17T04:50:14.273Z - GET /api/sales/trends?period=monthly
2026-02-17T04:50:14.279Z - GET /api/sales/distribution?type=product
2026-02-17T04:50:14.284Z - GET /api/sales/distribution?type=region
2026-02-17T04:50:15.716Z - GET /api/sales/stats
2026-02-17T04:50:15.723Z - GET /api/sales/trends?period=monthly
2026-02-17T04:50:15.736Z - GET /api/sales/distribution?type=product
2026-02-17T04:50:15.740Z - GET /api/sales/distribution?type=region
2026-02-17T04:50:15.743Z - GET /api/sales/trends?period=monthly
2026-02-17T04:50:15.746Z - GET /api/sales/distribution?type=product
2026-02-17T04:50:15.750Z - GET /api/sales/stats
2026-02-17T04:50:15.753Z - GET /api/sales/distribution?type=region
2026-02-17T04:50:30.999Z - POST /api/sales/upload
2026-02-17T04:51:04.281Z - GET /api/sales/stats?startDate=2025-12-11&endDate=2026-02-21&category=Cables
2026-02-17T04:51:04.286Z - GET /api/sales/trends?period=monthly&startDate=2025-12-11&endDate=2026-02-21&category=Cables
2026-02-17T04:51:04.292Z - GET /api/sales/distribution?type=product&startDate=2025-12-11&endDate=2026-02-21&category=Cables
2026-02-17T04:51:04.296Z - GET /api/sales/distribution?type=region&startDate=2025-12-11&endDate=2026-02-21&category=Cables
2026-02-17T04:51:10.904Z - GET /api/sales/stats
2026-02-17T04:51:10.918Z - GET /api/sales/trends?period=monthly
2026-02-17T04:51:10.922Z - GET /api/sales/distribution?type=product
2026-02-17T04:51:10.926Z - GET /api/sales/distribution?type=region
2026-02-17T04:51:10.933Z - GET /api/sales/stats
2026-02-17T04:51:10.937Z - GET /api/sales/trends?period=monthly
2026-02-17T04:51:10.940Z - GET /api/sales/distribution?type=product
2026-02-17T04:51:10.944Z - GET /api/sales/distribution?type=region
2026-02-17T04:51:39.961Z - POST /api/sales/upload
2026-02-17T04:54:01.365Z - POST /api/sales/upload
2026-02-17T04:54:01.413Z - Import Error: File is empty
Error: File is empty
    at exports.importSalesData (E:\Sales & Revenue Analytics Dashboard\backend\src\controllers\salesController.js:36:19)
    at E:\Sales & Revenue Analytics Dashboard\backend\src\routes\salesRoutes.js:13:21
    at Layer.handle [as handle_request] (E:\Sales & Revenue Analytics Dashboard\backend\node_modules\express\lib\router\layer.js:95:5)
    at next (E:\Sales & Revenue Analytics Dashboard\backend\node_modules\express\lib\router\route.js:149:13)
    at E:\Sales & Revenue Analytics Dashboard\backend\src\routes\salesRoutes.js:24:9
    at done (E:\Sales & Revenue Analytics Dashboard\backend\node_modules\multer\lib\make-middleware.js:47:7)
    at indicateDone (E:\Sales & Revenue Analytics Dashboard\backend\node_modules\multer\lib\make-middleware.js:51:68)
    at E:\Sales & Revenue Analytics Dashboard\backend\node_modules\multer\lib\make-middleware.js:157:11
    at WriteStream.<anonymous> (E:\Sales & Revenue Analytics Dashboard\backend\node_modules\multer\storage\disk.js:43:9)
    at WriteStream.emit (node:events:531:35)
2026-02-17T04:56:28.672Z - GET /api/sales/stats
2026-02-17T04:56:28.692Z - GET /api/sales/trends?period=monthly
2026-02-17T04:56:28.702Z - GET /api/sales/distribution?type=product
2026-02-17T04:56:28.709Z - GET /api/sales/distribution?type=region
2026-02-17T04:56:28.718Z - GET /api/sales/stats
2026-02-17T04:56:28.731Z - GET /api/sales/trends?period=monthly
2026-02-17T04:56:28.737Z - GET /api/sales/distribution?type=product
2026-02-17T04:56:28.745Z - GET /api/sales/distribution?type=region
2026-02-17T04:56:31.434Z - GET /api/sales/stats
2026-02-17T04:56:31.454Z - GET /api/sales/trends?period=monthly
2026-02-17T04:56:31.481Z - GET /api/sales/distribution?type=product
2026-02-17T04:56:31.500Z - GET /api/sales/distribution?type=region
2026-02-17T04:56:31.507Z - GET /api/sales/trends?period=monthly
2026-02-17T04:56:31.525Z - GET /api/sales/stats
2026-02-17T04:56:31.541Z - GET /api/sales/distribution?type=product
2026-02-17T04:56:31.566Z - GET /api/sales/distribution?type=region
2026-02-17T04:56:32.915Z - GET /api/sales/stats
2026-02-17T04:56:32.922Z - GET /api/sales/trends?period=monthly
2026-02-17T04:56:32.929Z - GET /api/sales/distribution?type=product
2026-02-17T04:56:32.935Z - GET /api/sales/distribution?type=region
2026-02-17T04:56:32.970Z - GET /api/sales/stats
2026-02-17T04:56:32.972Z - GET /api/sales/trends?period=monthly
2026-02-17T04:56:32.975Z - GET /api/sales/distribution?type=product
2026-02-17T04:56:32.979Z - GET /api/sales/distribution?type=region
2026-02-17T04:56:39.294Z - POST /api/sales/upload
2026-02-17T04:56:39.776Z - Import Error: No valid sales rows imported. Found headers: product_id, product_name, category, discounted_price, actual_price, discount_percentage, rating, rating_count, about_product, user_name, review_title, review_content. Expected: Date, Product, Sales, Quantity.
Error: No valid sales rows imported. Found headers: product_id, product_name, category, discounted_price, actual_price, discount_percentage, rating, rating_count, about_product, user_name, review_title, review_content. Expected: Date, Product, Sales, Quantity.
    at exports.importSalesData (E:\Sales & Revenue Analytics Dashboard\backend\src\controllers\salesController.js:117:19)
    at E:\Sales & Revenue Analytics Dashboard\backend\src\routes\salesRoutes.js:13:21
    at Layer.handle [as handle_request] (E:\Sales & Revenue Analytics Dashboard\backend\node_modules\express\lib\router\layer.js:95:5)
    at next (E:\Sales & Revenue Analytics Dashboard\backend\node_modules\express\lib\router\route.js:149:13)
    at E:\Sales & Revenue Analytics Dashboard\backend\src\routes\salesRoutes.js:24:9
    at done (E:\Sales & Revenue Analytics Dashboard\backend\node_modules\multer\lib\make-middleware.js:47:7)
    at indicateDone (E:\Sales & Revenue Analytics Dashboard\backend\node_modules\multer\lib\make-middleware.js:51:68)
    at E:\Sales & Revenue Analytics Dashboard\backend\node_modules\multer\lib\make-middleware.js:157:11
    at WriteStream.<anonymous> (E:\Sales & Revenue Analytics Dashboard\backend\node_modules\multer\storage\disk.js:43:9)
    at WriteStream.emit (node:events:531:35)
2026-02-17T05:01:48.384Z - GET /api/sales/stats
2026-02-17T05:01:48.403Z - GET /api/sales/trends?period=monthly
2026-02-17T05:01:48.428Z - GET /api/sales/distribution?type=product
2026-02-17T05:01:48.434Z - GET /api/sales/stats
2026-02-17T05:01:48.440Z - GET /api/sales/distribution?type=region
2026-02-17T05:01:48.445Z - GET /api/sales/trends?period=monthly
2026-02-17T05:01:48.469Z - GET /api/sales/distribution?type=product
2026-02-17T05:01:48.515Z - GET /api/sales/distribution?type=region
2026-02-17T05:01:59.494Z - POST /api/sales/upload
2026-02-17T05:02:00.117Z - GET /api/sales/stats
2026-02-17T05:02:00.129Z - GET /api/sales/trends?period=monthly
2026-02-17T05:02:18.603Z - GET /api/health
2026-02-17T05:02:18.708Z - GET /favicon.ico
2026-02-17T05:02:18.715Z - GET /.well-known/appspecific/com.chrome.devtools.json
2026-02-17T05:07:44.602Z - GET /api/sales/trends?period=monthly
2026-02-17T05:07:44.687Z - GET /api/sales/stats
2026-02-17T05:07:44.705Z - GET /api/sales/distribution?type=product
2026-02-17T05:07:44.724Z - GET /api/sales/distribution?type=region
2026-02-17T05:07:44.732Z - GET /api/sales/trends?period=monthly
2026-02-17T05:07:44.745Z - GET /api/sales/stats
2026-02-17T05:07:44.755Z - GET /api/sales/distribution?type=product
2026-02-17T05:07:44.768Z - GET /api/sales/distribution?type=region
2026-02-17T05:07:58.427Z - GET /api/sales/stats
2026-02-17T05:07:58.439Z - GET /api/sales/trends?period=monthly
2026-02-17T05:07:58.449Z - GET /api/sales/distribution?type=product
2026-02-17T05:07:58.462Z - GET /api/sales/distribution?type=region
2026-02-17T05:07:58.473Z - GET /api/sales/stats
2026-02-17T05:07:58.482Z - GET /api/sales/trends?period=monthly
2026-02-17T05:07:58.491Z - GET /api/sales/distribution?type=product
2026-02-17T05:07:58.504Z - GET /api/sales/distribution?type=region
2026-02-17T05:07:59.303Z - GET /api/sales/stats
2026-02-17T05:07:59.312Z - GET /api/sales/trends?period=monthly
2026-02-17T05:07:59.322Z - GET /api/sales/distribution?type=product
2026-02-17T05:07:59.336Z - GET /api/sales/distribution?type=region
2026-02-17T05:07:59.345Z - GET /api/sales/stats
2026-02-17T05:07:59.356Z - GET /api/sales/trends?period=monthly
2026-02-17T05:07:59.365Z - GET /api/sales/distribution?type=product
2026-02-17T05:07:59.377Z - GET /api/sales/distribution?type=region
2026-02-17T05:07:59.914Z - GET /api/sales/stats
2026-02-17T05:07:59.926Z - GET /api/sales/trends?period=monthly
2026-02-17T05:07:59.936Z - GET /api/sales/distribution?type=product
2026-02-17T05:07:59.954Z - GET /api/sales/distribution?type=region
2026-02-17T05:07:59.967Z - GET /api/sales/stats
2026-02-17T05:07:59.981Z - GET /api/sales/trends?period=monthly
2026-02-17T05:07:59.992Z - GET /api/sales/distribution?type=product
2026-02-17T05:08:00.011Z - GET /api/sales/distribution?type=region
2026-02-17T05:11:16.133Z - GET /api/sales/stats?startDate=2026-02-12&endDate=2026-02-14&category=Cables&region=North
2026-02-17T05:11:16.144Z - GET /api/sales/trends?period=monthly&startDate=2026-02-12&endDate=2026-02-14&category=Cables&region=North
2026-02-17T05:11:16.155Z - GET /api/sales/distribution?type=product&startDate=2026-02-12&endDate=2026-02-14&category=Cables&region=North
2026-02-17T05:11:16.165Z - GET /api/sales/distribution?type=region&startDate=2026-02-12&endDate=2026-02-14&category=Cables&region=North
2026-02-17T05:11:30.027Z - GET /api/sales/stats
2026-02-17T05:11:30.047Z - GET /api/sales/trends?period=monthly
2026-02-17T05:11:30.071Z - GET /api/sales/distribution?type=product
2026-02-17T05:11:30.090Z - GET /api/sales/distribution?type=region
2026-02-17T05:11:30.102Z - GET /api/sales/stats
2026-02-17T05:11:30.119Z - GET /api/sales/trends?period=monthly
2026-02-17T05:11:30.136Z - GET /api/sales/distribution?type=product
2026-02-17T05:11:30.153Z - GET /api/sales/distribution?type=region
2026-02-17T05:13:55.288Z - GET /api/sales/stats
2026-02-17T05:13:55.325Z - GET /api/sales/trends?period=weekly
2026-02-17T05:13:55.336Z - GET /api/sales/distribution?type=product
2026-02-17T05:13:55.349Z - GET /api/sales/distribution?type=region
2026-02-17T05:13:59.569Z - GET /api/sales/trends?period=daily
2026-02-17T05:13:59.577Z - GET /api/sales/stats
2026-02-17T05:13:59.584Z - GET /api/sales/distribution?type=product
2026-02-17T05:13:59.596Z - GET /api/sales/distribution?type=region
2026-02-17T05:14:09.736Z - GET /api/sales/stats
2026-02-17T05:14:09.744Z - GET /api/sales/trends?period=weekly
2026-02-17T05:14:09.757Z - GET /api/sales/distribution?type=product
2026-02-17T05:14:09.775Z - GET /api/sales/distribution?type=region
2026-02-17T05:14:12.306Z - GET /api/sales/stats
2026-02-17T05:14:12.312Z - GET /api/sales/trends?period=monthly
2026-02-17T05:14:12.321Z - GET /api/sales/distribution?type=product
2026-02-17T05:14:12.331Z - GET /api/sales/distribution?type=region
2026-02-17T05:16:01.146Z - GET /api/sales/stats
2026-02-17T05:16:01.156Z - GET /api/sales/trends?period=monthly
2026-02-17T05:16:01.164Z - GET /api/sales/distribution?type=product
2026-02-17T05:16:01.175Z - GET /api/sales/distribution?type=region
2026-02-17T05:16:01.182Z - GET /api/sales/stats
2026-02-17T05:16:01.189Z - GET /api/sales/trends?period=monthly
2026-02-17T05:16:01.197Z - GET /api/sales/distribution?type=product
2026-02-17T05:16:01.206Z - GET /api/sales/distribution?type=region
2026-02-17T05:17:32.502Z - GET /api/sales/stats
2026-02-17T05:17:32.516Z - GET /api/sales/trends?period=monthly
2026-02-17T05:17:32.528Z - GET /api/sales/distribution?type=product
2026-02-17T05:17:32.544Z - GET /api/sales/distribution?type=region
2026-02-17T05:17:32.555Z - GET /api/sales/stats
2026-02-17T05:17:32.566Z - GET /api/sales/trends?period=monthly
2026-02-17T05:17:32.579Z - GET /api/sales/distribution?type=product
2026-02-17T05:17:32.600Z - GET /api/sales/distribution?type=region
2026-02-17T05:17:39.511Z - GET /api/sales/stats
2026-02-17T05:17:39.519Z - GET /api/sales/trends?period=weekly
2026-02-17T05:17:39.528Z - GET /api/sales/distribution?type=product
2026-02-17T05:17:39.539Z - GET /api/sales/distribution?type=region
2026-02-17T05:17:41.815Z - GET /api/sales/stats
2026-02-17T05:17:41.822Z - GET /api/sales/trends?period=daily
2026-02-17T05:17:41.831Z - GET /api/sales/distribution?type=product
2026-02-17T05:17:41.841Z - GET /api/sales/distribution?type=region
2026-02-17T05:18:05.129Z - GET /api/sales/stats?startDate=2026-01-01&endDate=2026-02-17&category=Cables+&region=East
2026-02-17T05:18:05.141Z - GET /api/sales/trends?period=daily&startDate=2026-01-01&endDate=2026-02-17&category=Cables+&region=East
2026-02-17T05:18:05.152Z - GET /api/sales/distribution?type=product&startDate=2026-01-01&endDate=2026-02-17&category=Cables+&region=East
2026-02-17T05:18:05.164Z - GET /api/sales/distribution?type=region&startDate=2026-01-01&endDate=2026-02-17&category=Cables+&region=East
2026-02-17T05:20:38.359Z - GET /api/sales/stats
2026-02-17T05:20:38.404Z - GET /api/sales/stats
2026-02-17T05:20:38.434Z - GET /api/sales/trends?period=monthly
2026-02-17T05:20:38.490Z - GET /api/sales/distribution?type=product
2026-02-17T05:20:38.508Z - GET /api/sales/distribution?type=region
2026-02-17T05:20:38.518Z - GET /api/sales/trends?period=monthly
2026-02-17T05:20:38.529Z - GET /api/sales/distribution?type=product
2026-02-17T05:20:38.543Z - GET /api/sales/distribution?type=region
2026-02-17T05:21:02.117Z - GET /api/sales/stats?startDate=2026-01-01&endDate=2026-02-17&category=Cables&region=+North
2026-02-17T05:21:02.131Z - GET /api/sales/trends?period=monthly&startDate=2026-01-01&endDate=2026-02-17&category=Cables&region=+North
2026-02-17T05:21:02.147Z - GET /api/sales/distribution?type=product&startDate=2026-01-01&endDate=2026-02-17&category=Cables&region=+North
2026-02-17T05:21:02.161Z - GET /api/sales/distribution?type=region&startDate=2026-01-01&endDate=2026-02-17&category=Cables&region=+North
2026-02-17T05:21:34.264Z - GET /api/sales/stats?startDate=2026-01-01&endDate=2026-02-17&category=Home%26Kitchen%7CKitchen%26HomeAppliances%7CSmallKitchenAppliances%7CKettles%26HotWaterDispensers%7CElectricKettles&region=+North
2026-02-17T05:21:34.283Z - GET /api/sales/trends?period=monthly&startDate=2026-01-01&endDate=2026-02-17&category=Home%26Kitchen%7CKitchen%26HomeAppliances%7CSmallKitchenAppliances%7CKettles%26HotWaterDispensers%7CElectricKettles&region=+North
2026-02-17T05:21:34.301Z - GET /api/sales/distribution?type=product&startDate=2026-01-01&endDate=2026-02-17&category=Home%26Kitchen%7CKitchen%26HomeAppliances%7CSmallKitchenAppliances%7CKettles%26HotWaterDispensers%7CElectricKettles&region=+North
2026-02-17T05:21:34.321Z - GET /api/sales/distribution?type=region&startDate=2026-01-01&endDate=2026-02-17&category=Home%26Kitchen%7CKitchen%26HomeAppliances%7CSmallKitchenAppliances%7CKettles%26HotWaterDispensers%7CElectricKettles&region=+North
2026-02-17T05:21:35.285Z - GET /api/sales/stats?startDate=2026-01-01&endDate=2026-02-17&category=Home%26Kitchen%7CKitchen%26HomeAppliances%7CSmallKitchenAppliances%7CKettles%26HotWaterDispensers%7CElectricKettles&region=+North
2026-02-17T05:21:35.308Z - GET /api/sales/trends?period=monthly&startDate=2026-01-01&endDate=2026-02-17&category=Home%26Kitchen%7CKitchen%26HomeAppliances%7CSmallKitchenAppliances%7CKettles%26HotWaterDispensers%7CElectricKettles&region=+North
2026-02-17T05:21:35.328Z - GET /api/sales/distribution?type=product&startDate=2026-01-01&endDate=2026-02-17&category=Home%26Kitchen%7CKitchen%26HomeAppliances%7CSmallKitchenAppliances%7CKettles%26HotWaterDispensers%7CElectricKettles&region=+North
2026-02-17T05:21:35.340Z - GET /api/sales/distribution?type=region&startDate=2026-01-01&endDate=2026-02-17&category=Home%26Kitchen%7CKitchen%26HomeAppliances%7CSmallKitchenAppliances%7CKettles%26HotWaterDispensers%7CElectricKettles&region=+North
2026-02-17T05:21:38.446Z - GET /api/sales/stats
2026-02-17T05:21:38.462Z - GET /api/sales/trends?period=monthly
2026-02-17T05:21:38.479Z - GET /api/sales/distribution?type=product
2026-02-17T05:21:38.502Z - GET /api/sales/distribution?type=region
2026-02-17T05:21:38.514Z - GET /api/sales/stats
2026-02-17T05:21:38.525Z - GET /api/sales/trends?period=monthly
2026-02-17T05:21:38.535Z - GET /api/sales/distribution?type=product
2026-02-17T05:21:38.546Z - GET /api/sales/distribution?type=region
2026-02-17T05:26:35.751Z - GET /api/sales/stats
2026-02-17T05:26:35.773Z - GET /api/sales/trends?period=monthly
2026-02-17T05:26:35.788Z - GET /api/sales/distribution?type=product
2026-02-17T05:26:35.809Z - GET /api/sales/distribution?type=region
2026-02-17T05:26:35.820Z - GET /api/sales/stats
2026-02-17T05:26:35.834Z - GET /api/sales/trends?period=monthly
2026-02-17T05:26:35.847Z - GET /api/sales/distribution?type=product
2026-02-17T05:26:35.864Z - GET /api/sales/distribution?type=region
2026-02-17T05:39:15.400Z - GET /api/sales/stats
2026-02-17T05:39:15.455Z - GET /api/sales/trends?period=monthly
2026-02-17T05:39:15.464Z - GET /api/sales/distribution?type=product
2026-02-17T05:39:15.483Z - GET /api/sales/distribution?type=region
2026-02-17T05:39:15.495Z - GET /api/sales/stats
2026-02-17T05:39:15.504Z - GET /api/sales/trends?period=monthly
2026-02-17T05:39:15.516Z - GET /api/sales/distribution?type=product
2026-02-17T05:39:15.531Z - GET /api/sales/distribution?type=region
2026-02-17T05:43:03.832Z - GET /api/sales/stats
2026-02-17T05:43:03.847Z - GET /api/sales/trends?period=monthly
2026-02-17T05:43:03.861Z - GET /api/sales/distribution?type=product
2026-02-17T05:43:03.873Z - GET /api/sales/distribution?type=region
2026-02-17T05:43:03.885Z - GET /api/sales/stats
2026-02-17T05:43:03.909Z - GET /api/sales/trends?period=monthly
2026-02-17T05:43:03.929Z - GET /api/sales/distribution?type=product
2026-02-17T05:43:03.952Z - GET /api/sales/distribution?type=region
2026-02-17T05:46:45.228Z - GET /api/sales/stats
2026-02-17T05:46:45.245Z - GET /api/sales/trends?period=monthly
2026-02-17T05:46:45.257Z - GET /api/sales/distribution?type=product
2026-02-17T05:46:45.278Z - GET /api/sales/distribution?type=region
2026-02-17T05:46:45.289Z - GET /api/sales/stats
2026-02-17T05:46:45.303Z - GET /api/sales/trends?period=monthly
2026-02-17T05:46:45.316Z - GET /api/sales/distribution?type=product
2026-02-17T05:46:45.328Z - GET /api/sales/distribution?type=region
2026-02-17T05:49:39.770Z - GET /api/sales/stats
2026-02-17T05:49:39.781Z - GET /api/sales/trends?period=monthly
2026-02-17T05:49:39.792Z - GET /api/sales/distribution?type=product
2026-02-17T05:49:39.812Z - GET /api/sales/distribution?type=region
2026-02-17T05:49:39.822Z - GET /api/sales/stats
2026-02-17T05:49:39.836Z - GET /api/sales/trends?period=monthly
2026-02-17T05:49:39.848Z - GET /api/sales/distribution?type=product
2026-02-17T05:49:39.864Z - GET /api/sales/distribution?type=region
2026-02-17T06:11:14.239Z - GET /api/sales/stats
2026-02-17T06:11:14.268Z - GET /api/sales/trends?period=monthly
2026-02-17T06:11:14.282Z - GET /api/sales/distribution?type=product
2026-02-17T06:11:14.296Z - GET /api/sales/distribution?type=region
2026-02-17T06:11:14.305Z - GET /api/sales/stats
2026-02-17T06:11:14.313Z - GET /api/sales/trends?period=monthly
2026-02-17T06:11:14.322Z - GET /api/sales/distribution?type=product
2026-02-17T06:11:14.335Z - GET /api/sales/distribution?type=region
2026-02-17T06:11:37.758Z - GET /api/sales/stats
2026-02-17T06:11:37.769Z - GET /api/sales/trends?period=monthly
2026-02-17T06:11:37.784Z - GET /api/sales/distribution?type=product
2026-02-17T06:11:37.811Z - GET /api/sales/distribution?type=region
2026-02-17T06:11:37.824Z - GET /api/sales/stats
2026-02-17T06:11:37.833Z - GET /api/sales/trends?period=monthly
2026-02-17T06:11:37.851Z - GET /api/sales/distribution?type=product
2026-02-17T06:11:37.868Z - GET /api/sales/distribution?type=region
2026-02-17T06:11:38.375Z - GET /api/sales/stats
2026-02-17T06:11:38.385Z - GET /api/sales/trends?period=monthly
2026-02-17T06:11:38.399Z - GET /api/sales/distribution?type=product
2026-02-17T06:11:38.412Z - GET /api/sales/distribution?type=region
2026-02-17T06:11:38.423Z - GET /api/sales/stats
2026-02-17T06:11:38.434Z - GET /api/sales/trends?period=monthly
2026-02-17T06:11:38.447Z - GET /api/sales/distribution?type=product
2026-02-17T06:11:38.461Z - GET /api/sales/distribution?type=region
2026-02-17T06:11:38.881Z - GET /api/sales/stats
2026-02-17T06:11:38.892Z - GET /api/sales/distribution?type=product
2026-02-17T06:11:38.924Z - GET /api/sales/trends?period=monthly
2026-02-17T06:11:38.936Z - GET /api/sales/distribution?type=region
2026-02-17T06:11:38.948Z - GET /api/sales/stats
2026-02-17T06:11:38.958Z - GET /api/sales/distribution?type=product
2026-02-17T06:11:38.976Z - GET /api/sales/trends?period=monthly
2026-02-17T06:11:38.986Z - GET /api/sales/distribution?type=region
2026-02-17T06:11:39.369Z - GET /api/sales/stats
2026-02-17T06:11:39.375Z - GET /api/sales/distribution?type=product
2026-02-17T06:11:39.385Z - GET /api/sales/trends?period=monthly
2026-02-17T06:11:39.394Z - GET /api/sales/distribution?type=region
2026-02-17T06:11:39.401Z - GET /api/sales/stats
2026-02-17T06:11:39.408Z - GET /api/sales/distribution?type=product
2026-02-17T06:11:39.419Z - GET /api/sales/trends?period=monthly
2026-02-17T06:11:39.426Z - GET /api/sales/distribution?type=region
2026-02-17T06:11:39.749Z - GET /api/sales/stats
2026-02-17T06:11:39.760Z - GET /api/sales/trends?period=monthly
2026-02-17T06:11:39.769Z - GET /api/sales/distribution?type=product
2026-02-17T06:11:39.788Z - GET /api/sales/distribution?type=region
2026-02-17T06:11:39.795Z - GET /api/sales/stats
2026-02-17T06:11:39.804Z - GET /api/sales/trends?period=monthly
2026-02-17T06:11:39.816Z - GET /api/sales/distribution?type=product
2026-02-17T06:11:39.827Z - GET /api/sales/distribution?type=region
2026-02-17T06:11:40.180Z - GET /api/sales/stats
2026-02-17T06:11:40.188Z - GET /api/sales/trends?period=monthly
2026-02-17T06:11:40.199Z - GET /api/sales/distribution?type=product
2026-02-17T06:11:40.213Z - GET /api/sales/distribution?type=region
2026-02-17T06:11:40.222Z - GET /api/sales/stats
2026-02-17T06:11:40.245Z - GET /api/sales/trends?period=monthly
2026-02-17T06:11:40.257Z - GET /api/sales/distribution?type=product
2026-02-17T06:11:40.276Z - GET /api/sales/distribution?type=region
2026-02-17T06:11:41.143Z - GET /api/sales/stats
2026-02-17T06:11:41.151Z - GET /api/sales/trends?period=monthly
2026-02-17T06:11:41.163Z - GET /api/sales/distribution?type=product
2026-02-17T06:11:41.174Z - GET /api/sales/distribution?type=region
2026-02-17T06:11:41.184Z - GET /api/sales/stats
2026-02-17T06:11:41.192Z - GET /api/sales/trends?period=monthly
2026-02-17T06:11:41.201Z - GET /api/sales/distribution?type=product
2026-02-17T06:11:41.215Z - GET /api/sales/distribution?type=region
2026-02-17T06:12:33.251Z - GET /api/sales/stats
2026-02-17T06:12:33.291Z - GET /api/sales/trends?period=monthly
2026-02-17T06:12:33.315Z - GET /api/sales/distribution?type=product
2026-02-17T06:12:33.354Z - GET /api/sales/distribution?type=region
2026-02-17T06:12:33.373Z - GET /api/sales/stats
2026-02-17T06:12:33.398Z - GET /api/sales/trends?period=monthly
2026-02-17T06:12:33.430Z - GET /api/sales/distribution?type=product
2026-02-17T06:12:33.452Z - GET /api/sales/distribution?type=region
2026-02-17T06:15:31.166Z - GET /api/sales/stats
2026-02-17T06:15:31.190Z - GET /api/sales/trends?period=monthly
2026-02-17T06:15:31.205Z - GET /api/sales/distribution?type=product
2026-02-17T06:15:31.221Z - GET /api/sales/distribution?type=region
2026-02-17T06:15:31.230Z - GET /api/sales/stats
2026-02-17T06:15:31.241Z - GET /api/sales/trends?period=monthly
2026-02-17T06:15:31.253Z - GET /api/sales/distribution?type=product
2026-02-17T06:15:31.269Z - GET /api/sales/distribution?type=region
2026-02-17T06:15:32.277Z - GET /api/sales/stats
2026-02-17T06:15:32.290Z - GET /api/sales/trends?period=monthly
2026-02-17T06:15:32.305Z - GET /api/sales/distribution?type=product
2026-02-17T06:15:32.325Z - GET /api/sales/distribution?type=region
2026-02-17T06:15:32.344Z - GET /api/sales/stats
2026-02-17T06:15:32.355Z - GET /api/sales/trends?period=monthly
2026-02-17T06:15:32.368Z - GET /api/sales/distribution?type=product
2026-02-17T06:15:32.387Z - GET /api/sales/distribution?type=region
2026-02-17T06:15:33.459Z - GET /api/sales/stats
2026-02-17T06:15:33.479Z - GET /api/sales/trends?period=monthly
2026-02-17T06:15:33.498Z - GET /api/sales/distribution?type=product
2026-02-17T06:15:33.553Z - GET /api/sales/distribution?type=region
2026-02-17T06:15:33.585Z - GET /api/sales/stats
2026-02-17T06:15:33.601Z - GET /api/sales/trends?period=monthly
2026-02-17T06:15:33.638Z - GET /api/sales/distribution?type=product
2026-02-17T06:15:33.667Z - GET /api/sales/distribution?type=region
2026-02-17T06:15:34.554Z - GET /api/sales/stats
2026-02-17T06:15:34.568Z - GET /api/sales/trends?period=monthly
2026-02-17T06:15:34.588Z - GET /api/sales/distribution?type=product
2026-02-17T06:15:34.608Z - GET /api/sales/distribution?type=region
2026-02-17T06:15:34.618Z - GET /api/sales/distribution?type=product
2026-02-17T06:15:34.634Z - GET /api/sales/stats
2026-02-17T06:15:34.691Z - GET /api/sales/trends?period=monthly
2026-02-17T06:15:34.708Z - GET /api/sales/distribution?type=region
2026-02-17T06:16:11.543Z - GET /api/sales/stats
2026-02-17T06:16:11.557Z - GET /api/sales/trends?period=monthly
2026-02-17T06:16:11.571Z - GET /api/sales/distribution?type=product
2026-02-17T06:16:11.591Z - GET /api/sales/distribution?type=region
2026-02-17T06:16:11.599Z - GET /api/sales/stats
2026-02-17T06:16:11.609Z - GET /api/sales/trends?period=monthly
2026-02-17T06:16:11.620Z - GET /api/sales/distribution?type=product
2026-02-17T06:16:11.641Z - GET /api/sales/distribution?type=region
2026-02-17T06:16:20.602Z - POST /api/sales/upload
2026-02-17T06:16:21.191Z - GET /api/sales/stats
2026-02-17T06:16:21.209Z - GET /api/sales/trends?period=monthly
2026-02-17T06:16:21.229Z - GET /api/sales/distribution?type=product
2026-02-17T06:16:21.255Z - GET /api/sales/distribution?type=region
2026-02-17T06:16:43.211Z - GET /api/sales/stats
2026-02-17T06:16:43.242Z - GET /api/sales/stats
2026-02-17T06:16:43.258Z - GET /api/sales/trends?period=monthly
2026-02-17T06:16:43.319Z - GET /api/sales/distribution?type=product
2026-02-17T06:16:43.345Z - GET /api/sales/distribution?type=region
2026-02-17T06:16:43.360Z - GET /api/sales/trends?period=monthly
2026-02-17T06:16:43.376Z - GET /api/sales/distribution?type=product
2026-02-17T06:16:43.392Z - GET /api/sales/distribution?type=region
2026-02-17T06:16:51.060Z - POST /api/sales/upload
2026-02-17T06:16:51.575Z - GET /api/sales/stats
2026-02-17T06:16:51.595Z - GET /api/sales/trends?period=monthly
2026-02-17T06:16:51.620Z - GET /api/sales/distribution?type=product
2026-02-17T06:16:51.649Z - GET /api/sales/distribution?type=region
2026-02-17T06:17:27.544Z - GET /api/sales/stats
2026-02-17T06:17:27.588Z - GET /api/sales/trends?period=monthly
2026-02-17T06:17:27.628Z - GET /api/sales/distribution?type=product
2026-02-17T06:17:27.658Z - GET /api/sales/distribution?type=region
2026-02-17T06:18:01.913Z - GET /api/sales/stats
2026-02-17T06:18:01.948Z - GET /api/sales/trends?period=monthly
2026-02-17T06:18:01.992Z - GET /api/sales/distribution?type=product
2026-02-17T06:18:02.051Z - GET /api/sales/distribution?type=region
2026-02-17T06:18:03.472Z - GET /api/sales/stats
2026-02-17T06:18:03.501Z - GET /api/sales/trends?period=monthly
2026-02-17T06:18:03.525Z - GET /api/sales/distribution?type=product
2026-02-17T06:18:03.548Z - GET /api/sales/distribution?type=region
2026-02-17T06:18:04.226Z - GET /api/sales/stats
2026-02-17T06:18:04.253Z - GET /api/sales/trends?period=monthly
2026-02-17T06:18:04.274Z - GET /api/sales/distribution?type=product
2026-02-17T06:18:04.298Z - GET /api/sales/distribution?type=region
2026-02-17T06:22:56.917Z - GET /api/sales/stats
2026-02-17T06:22:56.955Z - GET /api/sales/stats
2026-02-17T06:22:57.005Z - GET /api/sales/trends?period=monthly
2026-02-17T06:22:57.055Z - GET /api/sales/distribution?type=product
2026-02-17T06:22:57.087Z - GET /api/sales/distribution?type=region
2026-02-17T06:22:57.118Z - GET /api/sales/trends?period=monthly
2026-02-17T06:22:57.142Z - GET /api/sales/distribution?type=product
2026-02-17T06:22:57.166Z - GET /api/sales/distribution?type=region
2026-02-17T06:22:58.744Z - GET /api/sales/stats
2026-02-17T06:22:58.768Z - GET /api/sales/trends?period=monthly
2026-02-17T06:22:58.794Z - GET /api/sales/distribution?type=product
2026-02-17T06:22:58.823Z - GET /api/sales/distribution?type=region
2026-02-17T06:22:58.848Z - GET /api/sales/stats
2026-02-17T06:22:58.878Z - GET /api/sales/trends?period=monthly
2026-02-17T06:22:58.901Z - GET /api/sales/distribution?type=product
2026-02-17T06:22:58.927Z - GET /api/sales/distribution?type=region
2026-02-17T06:23:02.923Z - GET /api/sales/stats
2026-02-17T06:23:02.939Z - GET /api/sales/trends?period=monthly
2026-02-17T06:23:02.963Z - GET /api/sales/distribution?type=product
2026-02-17T06:23:02.983Z - GET /api/sales/distribution?type=region
2026-02-17T06:23:03.001Z - GET /api/sales/stats
2026-02-17T06:23:03.027Z - GET /api/sales/trends?period=monthly
2026-02-17T06:23:03.050Z - GET /api/sales/distribution?type=product
2026-02-17T06:23:03.108Z - GET /api/sales/distribution?type=region
2026-02-17T06:23:03.509Z - GET /api/sales/stats
2026-02-17T06:23:03.532Z - GET /api/sales/distribution?type=product
2026-02-17T06:23:03.565Z - GET /api/sales/trends?period=monthly
2026-02-17T06:23:03.592Z - GET /api/sales/distribution?type=region
2026-02-17T06:23:03.615Z - GET /api/sales/stats
2026-02-17T06:23:03.640Z - GET /api/sales/trends?period=monthly
2026-02-17T06:23:03.666Z - GET /api/sales/distribution?type=product
2026-02-17T06:23:03.717Z - GET /api/sales/distribution?type=region
2026-02-17T06:23:04.073Z - GET /api/sales/trends?period=monthly
2026-02-17T06:23:04.107Z - GET /api/sales/stats
2026-02-17T06:23:04.129Z - GET /api/sales/distribution?type=product
2026-02-17T06:23:04.155Z - GET /api/sales/distribution?type=region
2026-02-17T06:23:04.178Z - GET /api/sales/trends?period=monthly
2026-02-17T06:23:04.206Z - GET /api/sales/stats
2026-02-17T06:23:04.226Z - GET /api/sales/distribution?type=product
2026-02-17T06:23:04.276Z - GET /api/sales/distribution?type=region
2026-02-17T06:23:04.635Z - GET /api/sales/stats
2026-02-17T06:23:04.657Z - GET /api/sales/distribution?type=product
2026-02-17T06:23:04.690Z - GET /api/sales/trends?period=monthly
2026-02-17T06:23:04.724Z - GET /api/sales/distribution?type=region
2026-02-17T06:23:04.746Z - GET /api/sales/stats
2026-02-17T06:23:04.772Z - GET /api/sales/trends?period=monthly
2026-02-17T06:23:04.795Z - GET /api/sales/distribution?type=product
2026-02-17T06:23:04.817Z - GET /api/sales/distribution?type=region
2026-02-17T06:23:17.776Z - POST /api/sales/upload
2026-02-17T06:23:18.304Z - GET /api/sales/stats
2026-02-17T06:23:18.318Z - GET /api/sales/trends?period=monthly
2026-02-17T06:23:18.329Z - GET /api/sales/distribution?type=product
2026-02-17T06:23:18.347Z - GET /api/sales/distribution?type=region
2026-02-17T06:23:32.011Z - GET /api/sales/stats
2026-02-17T06:23:32.027Z - GET /api/sales/stats
2026-02-17T06:23:32.035Z - GET /api/sales/trends?period=monthly
2026-02-17T06:23:32.054Z - GET /api/sales/distribution?type=product
2026-02-17T06:23:32.066Z - GET /api/sales/distribution?type=region
2026-02-17T06:23:32.074Z - GET /api/sales/trends?period=monthly
2026-02-17T06:23:32.086Z - GET /api/sales/distribution?type=product
2026-02-17T06:23:32.103Z - GET /api/sales/distribution?type=region
2026-02-17T06:23:36.726Z - POST /api/sales/upload
2026-02-17T06:23:37.238Z - GET /api/sales/stats
2026-02-17T06:23:37.248Z - GET /api/sales/trends?period=monthly
2026-02-17T06:23:37.258Z - GET /api/sales/distribution?type=product
2026-02-17T06:23:37.271Z - GET /api/sales/distribution?type=region
2026-02-17T06:30:48.588Z - GET /api/sales/stats
2026-02-17T06:30:48.610Z - GET /api/sales/trends?period=monthly
2026-02-17T06:30:48.641Z - GET /api/sales/distribution?type=product
2026-02-17T06:30:48.655Z - GET /api/sales/distribution?type=region
2026-02-17T06:30:48.663Z - GET /api/sales/stats
2026-02-17T06:30:48.671Z - GET /api/sales/trends?period=monthly
2026-02-17T06:30:48.681Z - GET /api/sales/distribution?type=product
2026-02-17T06:30:48.695Z - GET /api/sales/distribution?type=region
2026-02-17T06:31:17.982Z - GET /api/sales/stats?startDate=2025-11-05&endDate=2026-02-17&category=Cables&region=North
2026-02-17T06:31:18.006Z - GET /api/sales/trends?period=monthly&startDate=2025-11-05&endDate=2026-02-17&category=Cables&region=North
2026-02-17T06:31:18.029Z - GET /api/sales/distribution?type=product&startDate=2025-11-05&endDate=2026-02-17&category=Cables&region=North
2026-02-17T06:31:18.049Z - GET /api/sales/distribution?type=region&startDate=2025-11-05&endDate=2026-02-17&category=Cables&region=North
2026-02-17T06:31:21.607Z - GET /api/sales/stats
2026-02-17T06:31:21.619Z - GET /api/sales/trends?period=monthly
2026-02-17T06:31:21.636Z - GET /api/sales/distribution?type=product
2026-02-17T06:31:21.654Z - GET /api/sales/distribution?type=region
2026-02-17T06:32:54.435Z - GET /api/sales/stats
2026-02-17T06:32:54.450Z - GET /api/sales/trends?period=monthly
2026-02-17T06:32:54.464Z - GET /api/sales/distribution?type=product
2026-02-17T06:32:54.479Z - GET /api/sales/distribution?type=region
2026-02-17T06:32:54.491Z - GET /api/sales/stats
2026-02-17T06:32:54.507Z - GET /api/sales/trends?period=monthly
2026-02-17T06:32:54.520Z - GET /api/sales/distribution?type=product
2026-02-17T06:32:54.563Z - GET /api/sales/distribution?type=region
2026-02-17T06:34:10.567Z - GET /api/sales/stats
2026-02-17T06:34:10.586Z - GET /api/sales/trends?period=monthly
2026-02-17T06:34:10.611Z - GET /api/sales/distribution?type=product
2026-02-17T06:34:10.631Z - GET /api/sales/distribution?type=region
2026-02-17T06:34:10.641Z - GET /api/sales/stats
2026-02-17T06:34:10.651Z - GET /api/sales/trends?period=monthly
2026-02-17T06:34:10.666Z - GET /api/sales/distribution?type=product
2026-02-17T06:34:10.684Z - GET /api/sales/distribution?type=region
2026-02-17T06:39:19.422Z - GET /api/sales/stats
2026-02-17T06:39:19.436Z - GET /api/sales/trends?period=monthly
2026-02-17T06:39:19.485Z - GET /api/sales/distribution?type=product
2026-02-17T06:39:19.511Z - GET /api/sales/distribution?type=region
2026-02-17T06:39:19.523Z - GET /api/sales/distribution?type=product
2026-02-17T06:39:19.536Z - GET /api/sales/stats
2026-02-17T06:39:19.543Z - GET /api/sales/trends?period=monthly
2026-02-17T06:39:19.559Z - GET /api/sales/distribution?type=region
2026-02-17T06:42:31.131Z - GET /api/sales/stats
2026-02-17T06:42:31.149Z - GET /api/sales/trends?period=monthly
2026-02-17T06:42:31.168Z - GET /api/sales/distribution?type=product
2026-02-17T06:42:31.191Z - GET /api/sales/distribution?type=region
2026-02-17T06:42:31.199Z - GET /api/sales/distribution?type=product
2026-02-17T06:42:31.211Z - GET /api/sales/stats
2026-02-17T06:42:31.217Z - GET /api/sales/trends?period=monthly
2026-02-17T06:42:31.225Z - GET /api/sales/distribution?type=region
2026-02-17T06:42:45.824Z - GET /api/sales/stats
2026-02-17T06:42:45.842Z - GET /api/sales/trends?period=monthly
2026-02-17T06:42:45.861Z - GET /api/sales/distribution?type=product
2026-02-17T06:42:45.887Z - GET /api/sales/distribution?type=region
2026-02-17T06:43:22.525Z - GET /api/health
2026-02-17T06:43:22.616Z - GET /favicon.ico
2026-02-17T06:43:22.631Z - GET /.well-known/appspecific/com.chrome.devtools.json
2026-02-17T06:47:32.077Z - GET /api/sales/stats
2026-02-17T06:47:32.098Z - GET /api/sales/trends?period=monthly
2026-02-17T06:47:32.120Z - GET /api/sales/distribution?type=product
2026-02-17T06:47:32.135Z - GET /api/sales/distribution?type=region
2026-02-17T06:47:32.142Z - GET /api/sales/stats
2026-02-17T06:47:32.151Z - GET /api/sales/trends?period=monthly
2026-02-17T06:47:32.159Z - GET /api/sales/distribution?type=product
2026-02-17T06:47:32.176Z - GET /api/sales/distribution?type=region
2026-02-17T06:47:37.137Z - GET /api/sales/stats
2026-02-17T06:47:37.146Z - GET /api/sales/trends?period=monthly
2026-02-17T06:47:37.159Z - GET /api/sales/distribution?type=product
2026-02-17T06:47:37.173Z - GET /api/sales/distribution?type=region
2026-02-17T06:47:37.186Z - GET /api/sales/stats
2026-02-17T06:47:37.201Z - GET /api/sales/trends?period=monthly
2026-02-17T06:47:37.214Z - GET /api/sales/distribution?type=product
2026-02-17T06:47:37.232Z - GET /api/sales/distribution?type=region
2026-02-17T06:47:43.465Z - GET /api/sales/stats
2026-02-17T06:47:43.473Z - GET /api/sales/distribution?type=product
2026-02-17T06:47:43.483Z - GET /api/sales/distribution?type=region
2026-02-17T06:47:43.502Z - GET /api/sales/trends?period=weekly
2026-02-17T06:47:46.634Z - GET /api/sales/stats
2026-02-17T06:47:46.672Z - GET /api/sales/distribution?type=product
2026-02-17T06:47:46.689Z - GET /api/sales/trends?period=daily
2026-02-17T06:47:46.702Z - GET /api/sales/distribution?type=region
2026-02-17T06:47:50.674Z - GET /api/sales/stats
2026-02-17T06:47:50.684Z - GET /api/sales/trends?period=weekly
2026-02-17T06:47:50.696Z - GET /api/sales/distribution?type=product
2026-02-17T06:47:50.713Z - GET /api/sales/distribution?type=region
2026-02-17T06:47:52.615Z - GET /api/sales/stats
2026-02-17T06:47:52.622Z - GET /api/sales/trends?period=monthly
2026-02-17T06:47:52.629Z - GET /api/sales/distribution?type=product
2026-02-17T06:47:52.639Z - GET /api/sales/distribution?type=region
2026-02-17T06:47:54.685Z - GET /api/sales/stats
2026-02-17T06:47:54.691Z - GET /api/sales/trends?period=weekly
2026-02-17T06:47:54.700Z - GET /api/sales/distribution?type=product
2026-02-17T06:47:54.710Z - GET /api/sales/distribution?type=region
2026-02-17T06:47:56.658Z - GET /api/sales/stats
2026-02-17T06:47:56.672Z - GET /api/sales/trends?period=daily
2026-02-17T06:47:56.686Z - GET /api/sales/distribution?type=product
2026-02-17T06:47:56.705Z - GET /api/sales/distribution?type=region
2026-02-17T06:48:01.501Z - GET /api/sales/stats
2026-02-17T06:48:01.509Z - GET /api/sales/trends?period=weekly
2026-02-17T06:48:01.518Z - GET /api/sales/distribution?type=product
2026-02-17T06:48:01.527Z - GET /api/sales/distribution?type=region
2026-02-17T06:48:03.435Z - GET /api/sales/stats
2026-02-17T06:48:03.441Z - GET /api/sales/trends?period=daily
2026-02-17T06:48:03.451Z - GET /api/sales/distribution?type=product
2026-02-17T06:48:03.462Z - GET /api/sales/distribution?type=region
2026-02-17T06:48:05.464Z - GET /api/sales/stats
2026-02-17T06:48:05.470Z - GET /api/sales/trends?period=monthly
2026-02-17T06:48:05.478Z - GET /api/sales/distribution?type=product
2026-02-17T06:48:05.488Z - GET /api/sales/distribution?type=region
2026-02-17T06:48:21.843Z - GET /api/sales/stats
2026-02-17T06:48:21.854Z - GET /api/sales/trends?period=weekly
2026-02-17T06:48:21.865Z - GET /api/sales/distribution?type=product
2026-02-17T06:48:21.877Z - GET /api/sales/distribution?type=region
2026-02-17T06:48:24.924Z - GET /api/sales/stats
2026-02-17T06:48:24.932Z - GET /api/sales/trends?period=daily
2026-02-17T06:48:24.940Z - GET /api/sales/distribution?type=product
2026-02-17T06:48:24.950Z - GET /api/sales/distribution?type=region
2026-02-17T06:48:27.168Z - GET /api/sales/stats
2026-02-17T06:48:27.174Z - GET /api/sales/trends?period=monthly
2026-02-17T06:48:27.182Z - GET /api/sales/distribution?type=product
2026-02-17T06:48:27.191Z - GET /api/sales/distribution?type=region
2026-02-17T06:50:26.743Z - GET /api/sales/stats
2026-02-17T06:50:26.761Z - GET /api/sales/trends?period=monthly
2026-02-17T06:50:26.789Z - GET /api/sales/distribution?type=product
2026-02-17T06:50:26.802Z - GET /api/sales/distribution?type=region
2026-02-17T06:50:26.811Z - GET /api/sales/stats
2026-02-17T06:50:26.819Z - GET /api/sales/trends?period=monthly
2026-02-17T06:50:26.828Z - GET /api/sales/distribution?type=product
2026-02-17T06:50:26.842Z - GET /api/sales/distribution?type=region
2026-02-17T06:50:59.560Z - GET /api/sales/stats
2026-02-17T06:50:59.571Z - GET /api/sales/trends?period=monthly
2026-02-17T06:50:59.583Z - GET /api/sales/distribution?type=product
2026-02-17T06:50:59.602Z - GET /api/sales/distribution?type=region
2026-02-17T06:50:59.627Z - GET /api/sales/stats
2026-02-17T06:50:59.639Z - GET /api/sales/trends?period=monthly
2026-02-17T06:50:59.654Z - GET /api/sales/distribution?type=product
2026-02-17T06:50:59.672Z - GET /api/sales/distribution?type=region
2026-02-17T06:54:52.919Z - GET /api/sales/stats
2026-02-17T06:54:52.941Z - GET /api/sales/trends?period=monthly
2026-02-17T06:54:52.968Z - GET /api/sales/distribution?type=product
2026-02-17T06:54:52.990Z - GET /api/sales/distribution?type=region
2026-02-17T06:54:53.006Z - GET /api/sales/distribution?type=region
2026-02-17T06:54:53.017Z - GET /api/sales/stats
2026-02-17T06:54:53.025Z - GET /api/sales/trends?period=monthly
2026-02-17T06:54:53.034Z - GET /api/sales/distribution?type=product
2026-02-17T06:56:25.505Z - GET /api/sales/stats
2026-02-17T06:56:25.519Z - GET /api/sales/trends?period=monthly
2026-02-17T06:56:25.533Z - GET /api/sales/distribution?type=product
2026-02-17T06:56:25.547Z - GET /api/sales/distribution?type=region
2026-02-17T06:56:25.559Z - GET /api/sales/stats
2026-02-17T06:56:25.570Z - GET /api/sales/trends?period=monthly
2026-02-17T06:56:25.582Z - GET /api/sales/distribution?type=product
2026-02-17T06:56:25.597Z - GET /api/sales/distribution?type=region
2026-02-17T06:56:45.159Z - GET /api/sales/stats
2026-02-17T06:56:45.171Z - GET /api/sales/trends?period=monthly
2026-02-17T06:56:45.185Z - GET /api/sales/distribution?type=product
2026-02-17T06:56:45.207Z - GET /api/sales/distribution?type=region
2026-02-17T06:56:45.218Z - GET /api/sales/stats
2026-02-17T06:56:45.231Z - GET /api/sales/trends?period=monthly
2026-02-17T06:56:45.243Z - GET /api/sales/distribution?type=product
2026-02-17T06:56:45.259Z - GET /api/sales/distribution?type=region
2026-02-17T07:00:36.992Z - GET /api/sales/stats
2026-02-17T07:00:37.011Z - GET /api/sales/trends?period=monthly
2026-02-17T07:00:37.027Z - GET /api/sales/distribution?type=product
2026-02-17T07:00:37.044Z - GET /api/sales/distribution?type=region
2026-02-17T07:00:37.065Z - GET /api/sales/stats
2026-02-17T07:00:37.073Z - GET /api/sales/trends?period=monthly
2026-02-17T07:00:37.085Z - GET /api/sales/distribution?type=product
2026-02-17T07:00:37.104Z - GET /api/sales/distribution?type=region
2026-02-17T07:00:56.827Z - GET /api/sales/stats
2026-02-17T07:00:56.854Z - GET /api/sales/trends?period=monthly
2026-02-17T07:00:56.881Z - GET /api/sales/distribution?type=region
2026-02-17T07:00:56.901Z - GET /api/sales/distribution?type=product
2026-02-17T07:00:56.932Z - GET /api/sales/stats
2026-02-17T07:00:56.956Z - GET /api/sales/trends?period=monthly
2026-02-17T07:00:56.968Z - GET /api/sales/distribution?type=region
2026-02-17T07:00:56.978Z - GET /api/sales/distribution?type=product
2026-02-17T07:02:13.816Z - GET /api/sales/stats
2026-02-17T07:02:13.858Z - GET /api/sales/trends?period=monthly
2026-02-17T07:02:13.869Z - GET /api/sales/distribution?type=product
2026-02-17T07:02:13.883Z - GET /api/sales/distribution?type=region
2026-02-17T07:02:13.893Z - GET /api/sales/stats
2026-02-17T07:02:13.902Z - GET /api/sales/trends?period=monthly
2026-02-17T07:02:13.916Z - GET /api/sales/distribution?type=product
2026-02-17T07:02:13.934Z - GET /api/sales/distribution?type=region
2026-02-17T08:51:23.027Z - GET /api/sales/stats
2026-02-17T08:51:23.040Z - GET /api/sales/trends?period=monthly
2026-02-17T08:51:23.051Z - GET /api/sales/distribution?type=product
2026-02-17T08:51:23.066Z - GET /api/sales/distribution?type=region
2026-02-17T08:51:23.077Z - GET /api/sales/stats
2026-02-17T08:51:23.086Z - GET /api/sales/trends?period=monthly
2026-02-17T08:51:23.098Z - GET /api/sales/distribution?type=product
2026-02-17T08:51:23.115Z - GET /api/sales/distribution?type=region
2026-02-17T08:52:05.658Z - GET /api/sales/stats
2026-02-17T08:52:05.674Z - GET /api/sales/trends?period=monthly
2026-02-17T08:52:05.693Z - GET /api/sales/distribution?type=product
2026-02-17T08:52:05.718Z - GET /api/sales/distribution?type=region
2026-02-17T08:52:06.368Z - GET /api/sales/stats
2026-02-17T08:52:06.389Z - GET /api/sales/trends?period=monthly
2026-02-17T08:52:06.410Z - GET /api/sales/distribution?type=product
2026-02-17T08:52:06.434Z - GET /api/sales/distribution?type=region
2026-02-17T08:52:07.534Z - GET /api/sales/stats
2026-02-17T08:52:07.551Z - GET /api/sales/trends?period=monthly
2026-02-17T08:52:07.570Z - GET /api/sales/distribution?type=product
2026-02-17T08:52:07.598Z - GET /api/sales/distribution?type=region
2026-02-17T08:53:45.663Z - GET /api/sales/stats
2026-02-17T08:53:45.671Z - GET /api/sales/trends?period=monthly
2026-02-17T08:53:45.680Z - GET /api/sales/distribution?type=product
2026-02-17T08:53:45.690Z - GET /api/sales/distribution?type=region
2026-02-17T08:53:46.872Z - GET /api/sales/stats
2026-02-17T08:53:46.878Z - GET /api/sales/trends?period=monthly
2026-02-17T08:53:46.886Z - GET /api/sales/distribution?type=product
2026-02-17T08:53:46.895Z - GET /api/sales/distribution?type=region
2026-02-17T08:54:00.849Z - GET /api/sales/stats
2026-02-17T08:54:00.856Z - GET /api/sales/trends?period=monthly
2026-02-17T08:54:00.866Z - GET /api/sales/distribution?type=product
2026-02-17T08:54:00.893Z - GET /api/sales/distribution?type=region
2026-02-17T08:54:01.719Z - GET /api/sales/stats
2026-02-17T08:54:01.725Z - GET /api/sales/trends?period=monthly
2026-02-17T08:54:01.734Z - GET /api/sales/distribution?type=product
2026-02-17T08:54:01.747Z - GET /api/sales/distribution?type=region
2026-02-17T08:56:01.395Z - GET /api/sales/stats
2026-02-17T08:56:01.407Z - GET /api/sales/trends?period=monthly
2026-02-17T08:56:01.419Z - GET /api/sales/distribution?type=product
2026-02-17T08:56:01.435Z - GET /api/sales/distribution?type=region
2026-02-17T08:56:01.459Z - GET /api/sales/stats
2026-02-17T08:56:01.468Z - GET /api/sales/trends?period=monthly
2026-02-17T08:56:01.481Z - GET /api/sales/distribution?type=product
2026-02-17T08:56:01.498Z - GET /api/sales/distribution?type=region
2026-02-17T08:56:40.486Z - GET /api/sales/stats
2026-02-17T08:56:40.497Z - GET /api/sales/trends?period=monthly
2026-02-17T08:56:40.516Z - GET /api/sales/distribution?type=product
2026-02-17T08:56:40.536Z - GET /api/sales/distribution?type=region
2026-02-17T08:56:40.545Z - GET /api/sales/stats
2026-02-17T08:56:40.557Z - GET /api/sales/trends?period=monthly
2026-02-17T08:56:40.571Z - GET /api/sales/distribution?type=product
2026-02-17T08:56:40.586Z - GET /api/sales/distribution?type=region
2026-02-17T08:57:10.100Z - GET /api/sales/stats
2026-02-17T08:57:10.107Z - GET /api/sales/trends?period=weekly
2026-02-17T08:57:10.118Z - GET /api/sales/distribution?type=product
2026-02-17T08:57:10.129Z - GET /api/sales/distribution?type=region
2026-02-17T08:57:13.747Z - GET /api/sales/stats
2026-02-17T08:57:13.785Z - GET /api/sales/trends?period=daily
2026-02-17T08:57:13.795Z - GET /api/sales/distribution?type=product
2026-02-17T08:57:13.809Z - GET /api/sales/distribution?type=region
2026-02-17T08:57:17.873Z - GET /api/sales/stats
2026-02-17T08:57:17.883Z - GET /api/sales/trends?period=weekly
2026-02-17T08:57:17.897Z - GET /api/sales/distribution?type=product
2026-02-17T08:57:17.924Z - GET /api/sales/distribution?type=region
2026-02-17T08:57:56.765Z - GET /api/sales/stats
2026-02-17T08:57:56.777Z - GET /api/sales/trends?period=daily
2026-02-17T08:57:56.795Z - GET /api/sales/distribution?type=product
2026-02-17T08:57:56.813Z - GET /api/sales/distribution?type=region
2026-02-17T08:57:59.193Z - GET /api/sales/stats
2026-02-17T08:57:59.200Z - GET /api/sales/trends?period=weekly
2026-02-17T08:57:59.209Z - GET /api/sales/distribution?type=product
2026-02-17T08:57:59.221Z - GET /api/sales/distribution?type=region
2026-02-17T08:58:01.361Z - GET /api/sales/stats
2026-02-17T08:58:01.370Z - GET /api/sales/trends?period=monthly
2026-02-17T08:58:01.381Z - GET /api/sales/distribution?type=product
2026-02-17T08:58:01.394Z - GET /api/sales/distribution?type=region
2026-02-17T09:00:57.027Z - GET /api/sales/stats?period=weekly
2026-02-17T09:00:57.058Z - GET /api/sales/trends?period=weekly
2026-02-17T09:00:57.112Z - GET /api/sales/distribution?type=product&period=weekly
2026-02-17T09:00:57.128Z - GET /api/sales/distribution?type=region&period=weekly
2026-02-17T09:00:59.858Z - GET /api/sales/stats?period=daily
2026-02-17T09:00:59.865Z - GET /api/sales/trends?period=daily
2026-02-17T09:00:59.873Z - GET /api/sales/distribution?type=product&period=daily
2026-02-17T09:00:59.882Z - GET /api/sales/distribution?type=region&period=daily
2026-02-17T09:01:04.114Z - GET /api/sales/stats?period=weekly
2026-02-17T09:01:04.122Z - GET /api/sales/trends?period=weekly
2026-02-17T09:01:04.131Z - GET /api/sales/distribution?type=product&period=weekly
2026-02-17T09:01:04.140Z - GET /api/sales/distribution?type=region&period=weekly
2026-02-17T09:01:06.463Z - GET /api/sales/stats?period=monthly
2026-02-17T09:01:06.474Z - GET /api/sales/trends?period=monthly
2026-02-17T09:01:06.486Z - GET /api/sales/distribution?type=product&period=monthly
2026-02-17T09:01:06.502Z - GET /api/sales/distribution?type=region&period=monthly
2026-02-17T09:01:09.686Z - GET /api/sales/stats?period=daily
2026-02-17T09:01:09.694Z - GET /api/sales/trends?period=daily
2026-02-17T09:01:09.701Z - GET /api/sales/distribution?type=product&period=daily
2026-02-17T09:01:09.709Z - GET /api/sales/distribution?type=region&period=daily
2026-02-17T09:01:11.407Z - GET /api/sales/stats?period=monthly
2026-02-17T09:01:11.415Z - GET /api/sales/trends?period=monthly
2026-02-17T09:01:11.423Z - GET /api/sales/distribution?type=product&period=monthly
2026-02-17T09:01:11.436Z - GET /api/sales/distribution?type=region&period=monthly
2026-02-17T09:01:18.902Z - GET /api/sales/stats?period=weekly
2026-02-17T09:01:18.912Z - GET /api/sales/trends?period=weekly
2026-02-17T09:01:18.921Z - GET /api/sales/distribution?type=product&period=weekly
2026-02-17T09:01:18.930Z - GET /api/sales/distribution?type=region&period=weekly
2026-02-17T09:01:21.672Z - GET /api/sales/stats?period=daily
2026-02-17T09:01:21.680Z - GET /api/sales/trends?period=daily
2026-02-17T09:01:21.687Z - GET /api/sales/distribution?type=product&period=daily
2026-02-17T09:01:21.695Z - GET /api/sales/distribution?type=region&period=daily
2026-02-17T09:01:23.978Z - GET /api/sales/stats?period=weekly
2026-02-17T09:01:23.988Z - GET /api/sales/trends?period=weekly
2026-02-17T09:01:23.999Z - GET /api/sales/distribution?type=product&period=weekly
2026-02-17T09:01:24.010Z - GET /api/sales/distribution?type=region&period=weekly
2026-02-17T09:01:26.118Z - GET /api/sales/stats?period=monthly
2026-02-17T09:01:26.127Z - GET /api/sales/trends?period=monthly
2026-02-17T09:01:26.136Z - GET /api/sales/distribution?type=product&period=monthly
2026-02-17T09:01:26.146Z - GET /api/sales/distribution?type=region&period=monthly
2026-02-17T09:03:33.928Z - GET /api/sales/stats?period=weekly
2026-02-17T09:03:33.940Z - GET /api/sales/trends?period=weekly
2026-02-17T09:03:33.952Z - GET /api/sales/distribution?type=product&period=weekly
2026-02-17T09:03:33.962Z - GET /api/sales/distribution?type=region&period=weekly
2026-02-17T09:03:35.994Z - GET /api/sales/stats?period=daily
2026-02-17T09:03:36.001Z - GET /api/sales/trends?period=daily
2026-02-17T09:03:36.007Z - GET /api/sales/distribution?type=product&period=daily
2026-02-17T09:03:36.015Z - GET /api/sales/distribution?type=region&period=daily
2026-02-17T09:04:40.681Z - GET /api/sales/stats?period=monthly
2026-02-17T09:04:40.697Z - GET /api/sales/trends?period=monthly
2026-02-17T09:04:40.710Z - GET /api/sales/distribution?type=product&period=monthly
2026-02-17T09:04:40.730Z - GET /api/sales/distribution?type=region&period=monthly
2026-02-17T09:04:40.744Z - GET /api/sales/stats?period=monthly
2026-02-17T09:04:40.755Z - GET /api/sales/trends?period=monthly
2026-02-17T09:04:40.769Z - GET /api/sales/distribution?type=product&period=monthly
2026-02-17T09:04:40.785Z - GET /api/sales/distribution?type=region&period=monthly
2026-02-17T09:08:13.326Z - GET /api/sales/stats?period=monthly
2026-02-17T09:08:13.338Z - GET /api/sales/trends?period=monthly
2026-02-17T09:08:13.354Z - GET /api/sales/distribution?type=product&period=monthly
2026-02-17T09:08:13.375Z - GET /api/sales/distribution?type=region&period=monthly
2026-02-17T09:08:13.389Z - GET /api/sales/stats?period=monthly
2026-02-17T09:08:13.402Z - GET /api/sales/trends?period=monthly
2026-02-17T09:08:13.419Z - GET /api/sales/distribution?type=product&period=monthly
2026-02-17T09:08:13.437Z - GET /api/sales/distribution?type=region&period=monthly
2026-02-17T09:08:17.696Z - GET /api/sales/stats?period=monthly
2026-02-17T09:08:17.705Z - GET /api/sales/distribution?type=product&period=monthly
2026-02-17T09:08:17.715Z - GET /api/sales/trends?period=monthly
2026-02-17T09:08:17.725Z - GET /api/sales/distribution?type=region&period=monthly
2026-02-17T09:08:17.735Z - GET /api/sales/stats?period=monthly
2026-02-17T09:08:17.742Z - GET /api/sales/distribution?type=product&period=monthly
2026-02-17T09:08:17.754Z - GET /api/sales/trends?period=monthly
2026-02-17T09:08:17.762Z - GET /api/sales/distribution?type=region&period=monthly
2026-02-17T09:08:18.780Z - GET /api/sales/stats?period=monthly
2026-02-17T09:08:18.792Z - GET /api/sales/trends?period=monthly
2026-02-17T09:08:18.805Z - GET /api/sales/distribution?type=product&period=monthly
2026-02-17T09:08:18.819Z - GET /api/sales/distribution?type=region&period=monthly
2026-02-17T09:08:18.828Z - GET /api/sales/stats?period=monthly
2026-02-17T09:08:18.841Z - GET /api/sales/trends?period=monthly
2026-02-17T09:08:18.853Z - GET /api/sales/distribution?type=product&period=monthly
2026-02-17T09:08:18.866Z - GET /api/sales/distribution?type=region&period=monthly
2026-02-17T09:08:19.260Z - GET /api/sales/stats?period=monthly
2026-02-17T09:08:19.273Z - GET /api/sales/trends?period=monthly
2026-02-17T09:08:19.290Z - GET /api/sales/distribution?type=product&period=monthly
2026-02-17T09:08:19.311Z - GET /api/sales/distribution?type=region&period=monthly
2026-02-17T09:08:19.325Z - GET /api/sales/stats?period=monthly
2026-02-17T09:08:19.340Z - GET /api/sales/trends?period=monthly
2026-02-17T09:08:19.356Z - GET /api/sales/distribution?type=product&period=monthly
2026-02-17T09:08:19.375Z - GET /api/sales/distribution?type=region&period=monthly
2026-02-17T09:09:05.268Z - GET /api/sales/stats?period=monthly
2026-02-17T09:09:05.289Z - GET /api/sales/trends?period=monthly
2026-02-17T09:09:05.304Z - GET /api/sales/distribution?type=product&period=monthly
2026-02-17T09:09:05.328Z - GET /api/sales/distribution?type=region&period=monthly
2026-02-17T09:09:05.345Z - GET /api/sales/stats?period=monthly
2026-02-17T09:09:05.358Z - GET /api/sales/trends?period=monthly
2026-02-17T09:09:05.371Z - GET /api/sales/distribution?type=product&period=monthly
2026-02-17T09:09:05.392Z - GET /api/sales/distribution?type=region&period=monthly
2026-02-17T09:09:07.179Z - GET /api/sales/stats?period=monthly
2026-02-17T09:09:07.190Z - GET /api/sales/distribution?type=product&period=monthly
2026-02-17T09:09:07.207Z - GET /api/sales/trends?period=monthly
2026-02-17T09:09:07.221Z - GET /api/sales/distribution?type=region&period=monthly
2026-02-17T09:09:07.233Z - GET /api/sales/stats?period=monthly
2026-02-17T09:09:07.243Z - GET /api/sales/distribution?type=product&period=monthly
2026-02-17T09:09:07.258Z - GET /api/sales/trends?period=monthly
2026-02-17T09:09:07.273Z - GET /api/sales/distribution?type=region&period=monthly
2026-02-17T09:10:38.116Z - GET /api/sales/stats?period=monthly
2026-02-17T09:10:38.128Z - GET /api/sales/trends?period=monthly
2026-02-17T09:10:38.140Z - GET /api/sales/distribution?type=product&period=monthly
2026-02-17T09:10:38.164Z - GET /api/sales/distribution?type=region&period=monthly
2026-02-17T09:10:38.178Z - GET /api/sales/stats?period=monthly
2026-02-17T09:10:38.184Z - GET /api/sales/trends?period=monthly
2026-02-17T09:10:38.194Z - GET /api/sales/distribution?type=product&period=monthly
2026-02-17T09:10:38.205Z - GET /api/sales/distribution?type=region&period=monthly
2026-02-17T09:11:33.881Z - GET /api/sales/stats?period=monthly
2026-02-17T09:11:33.894Z - GET /api/sales/trends?period=monthly
2026-02-17T09:11:33.907Z - GET /api/sales/distribution?type=product&period=monthly
2026-02-17T09:11:33.927Z - GET /api/sales/distribution?type=region&period=monthly
2026-02-17T09:11:33.937Z - GET /api/sales/stats?period=monthly
2026-02-17T09:11:33.950Z - GET /api/sales/trends?period=monthly
2026-02-17T09:11:33.964Z - GET /api/sales/distribution?type=product&period=monthly
2026-02-17T09:11:33.984Z - GET /api/sales/distribution?type=region&period=monthly
2026-02-17T09:15:15.686Z - GET /api/sales/stats?period=monthly
2026-02-17T09:15:15.701Z - GET /api/sales/trends?period=monthly
2026-02-17T09:15:15.719Z - GET /api/sales/distribution?type=product&period=monthly
2026-02-17T09:15:15.749Z - GET /api/sales/distribution?type=region&period=monthly
2026-02-17T09:15:15.767Z - GET /api/sales/stats?period=monthly
2026-02-17T09:15:15.778Z - GET /api/sales/trends?period=monthly
2026-02-17T09:15:15.790Z - GET /api/sales/distribution?type=product&period=monthly
2026-02-17T09:15:15.802Z - GET /api/sales/distribution?type=region&period=monthly
2026-02-17T09:16:10.420Z - GET /api/sales/stats?period=weekly
2026-02-17T09:16:10.427Z - GET /api/sales/trends?period=weekly
2026-02-17T09:16:10.435Z - GET /api/sales/distribution?type=product&period=weekly
2026-02-17T09:16:10.444Z - GET /api/sales/distribution?type=region&period=weekly
2026-02-17T09:16:13.482Z - GET /api/sales/stats?period=daily
2026-02-17T09:16:13.490Z - GET /api/sales/trends?period=daily
2026-02-17T09:16:13.498Z - GET /api/sales/distribution?type=product&period=daily
2026-02-17T09:16:13.506Z - GET /api/sales/distribution?type=region&period=daily
2026-02-17T09:17:45.671Z - GET /api/sales/stats?period=monthly
2026-02-17T09:17:45.683Z - GET /api/sales/trends?period=monthly
2026-02-17T09:17:45.693Z - GET /api/sales/distribution?type=product&period=monthly
2026-02-17T09:17:45.710Z - GET /api/sales/distribution?type=region&period=monthly
2026-02-17T09:17:45.731Z - GET /api/sales/stats?period=monthly
2026-02-17T09:17:45.741Z - GET /api/sales/trends?period=monthly
2026-02-17T09:17:45.754Z - GET /api/sales/distribution?type=product&period=monthly
2026-02-17T09:17:45.768Z - GET /api/sales/distribution?type=region&period=monthly
2026-02-17T09:20:39.258Z - GET /api/sales/stats?period=monthly
2026-02-17T09:20:39.271Z - GET /api/sales/trends?period=monthly
2026-02-17T09:20:39.288Z - GET /api/sales/distribution?type=product&period=monthly
2026-02-17T09:20:39.312Z - GET /api/sales/distribution?type=region&period=monthly
2026-02-17T09:20:39.323Z - GET /api/sales/stats?period=monthly
2026-02-17T09:20:39.339Z - GET /api/sales/trends?period=monthly
2026-02-17T09:20:39.355Z - GET /api/sales/distribution?type=product&period=monthly
2026-02-17T09:20:39.366Z - GET /api/sales/distribution?type=region&period=monthly
2026-02-17T09:21:28.725Z - GET /api/sales/stats?period=weekly
2026-02-17T09:21:28.734Z - GET /api/sales/trends?period=weekly
2026-02-17T09:21:28.746Z - GET /api/sales/distribution?type=product&period=weekly
2026-02-17T09:21:28.758Z - GET /api/sales/distribution?type=region&period=weekly
2026-02-17T09:21:32.504Z - GET /api/sales/stats?period=daily
2026-02-17T09:21:32.516Z - GET /api/sales/trends?period=daily
2026-02-17T09:21:32.527Z - GET /api/sales/distribution?type=product&period=daily
2026-02-17T09:21:32.538Z - GET /api/sales/distribution?type=region&period=daily
2026-02-17T09:21:36.158Z - GET /api/sales/stats?period=monthly
2026-02-17T09:21:36.179Z - GET /api/sales/trends?period=monthly
2026-02-17T09:21:36.193Z - GET /api/sales/distribution?type=product&period=monthly
2026-02-17T09:21:36.225Z - GET /api/sales/distribution?type=region&period=monthly
2026-02-17T09:22:08.998Z - GET /api/sales/stats?period=weekly
2026-02-17T09:22:09.008Z - GET /api/sales/trends?period=weekly
2026-02-17T09:22:09.018Z - GET /api/sales/distribution?type=product&period=weekly
2026-02-17T09:22:09.031Z - GET /api/sales/distribution?type=region&period=weekly
2026-02-17T09:22:12.918Z - GET /api/sales/stats?period=daily
2026-02-17T09:22:12.926Z - GET /api/sales/trends?period=daily
2026-02-17T09:22:12.936Z - GET /api/sales/distribution?type=product&period=daily
2026-02-17T09:22:12.947Z - GET /api/sales/distribution?type=region&period=daily
2026-02-17T09:22:50.435Z - GET /api/sales/stats?period=weekly
2026-02-17T09:22:50.444Z - GET /api/sales/trends?period=weekly
2026-02-17T09:22:50.455Z - GET /api/sales/distribution?type=product&period=weekly
2026-02-17T09:22:50.466Z - GET /api/sales/distribution?type=region&period=weekly
2026-02-17T09:22:57.750Z - GET /api/sales/stats?period=monthly
2026-02-17T09:22:57.760Z - GET /api/sales/trends?period=monthly
2026-02-17T09:22:57.774Z - GET /api/sales/distribution?type=product&period=monthly
2026-02-17T09:22:57.789Z - GET /api/sales/distribution?type=region&period=monthly
2026-02-17T09:24:37.999Z - GET /api/sales/stats?period=monthly
2026-02-17T09:24:38.014Z - GET /api/sales/trends?period=monthly
2026-02-17T09:24:38.031Z - GET /api/sales/distribution?type=region&period=monthly
2026-02-17T09:24:38.048Z - GET /api/sales/distribution?type=product&period=monthly
2026-02-17T09:24:38.067Z - GET /api/sales/stats?period=monthly
2026-02-17T09:24:38.083Z - GET /api/sales/trends?period=monthly
2026-02-17T09:24:38.097Z - GET /api/sales/distribution?type=region&period=monthly
2026-02-17T09:24:38.112Z - GET /api/sales/distribution?type=product&period=monthly
